0 info it worked if it ends with ok
1 verbose cli [ '/Users/esilva/.nvm/versions/node/v4.8.4/bin/node',
1 verbose cli   '/Users/esilva/.nvm/versions/node/v4.8.4/bin/npm',
1 verbose cli   'run',
1 verbose cli   'dev:build-client' ]
2 info using npm@2.15.11
3 info using node@v4.8.4
4 verbose run-script [ 'predev:build-client',
4 verbose run-script   'dev:build-client',
4 verbose run-script   'postdev:build-client' ]
5 info predev:build-client react-ssr@1.0.0
6 info dev:build-client react-ssr@1.0.0
7 verbose unsafe-perm in lifecycle true
8 info react-ssr@1.0.0 Failed to exec dev:build-client script
9 verbose stack Error: react-ssr@1.0.0 dev:build-client: `webpack --config webpack.client.js --watch`
9 verbose stack Exit status 1
9 verbose stack     at EventEmitter.<anonymous> (/Users/esilva/.nvm/versions/node/v4.8.4/lib/node_modules/npm/lib/utils/lifecycle.js:217:16)
9 verbose stack     at emitTwo (events.js:87:13)
9 verbose stack     at EventEmitter.emit (events.js:172:7)
9 verbose stack     at ChildProcess.<anonymous> (/Users/esilva/.nvm/versions/node/v4.8.4/lib/node_modules/npm/lib/utils/spawn.js:24:14)
9 verbose stack     at emitTwo (events.js:87:13)
9 verbose stack     at ChildProcess.emit (events.js:172:7)
9 verbose stack     at maybeClose (internal/child_process.js:862:16)
9 verbose stack     at Process.ChildProcess._handle.onexit (internal/child_process.js:222:5)
10 verbose pkgid react-ssr@1.0.0
11 verbose cwd /Users/esilva/workspace/studies/react/ssr
12 error Darwin 17.2.0
13 error argv "/Users/esilva/.nvm/versions/node/v4.8.4/bin/node" "/Users/esilva/.nvm/versions/node/v4.8.4/bin/npm" "run" "dev:build-client"
14 error node v4.8.4
15 error npm  v2.15.11
16 error code ELIFECYCLE
17 error react-ssr@1.0.0 dev:build-client: `webpack --config webpack.client.js --watch`
17 error Exit status 1
18 error Failed at the react-ssr@1.0.0 dev:build-client script 'webpack --config webpack.client.js --watch'.
18 error This is most likely a problem with the react-ssr package,
18 error not with npm itself.
18 error Tell the author that this fails on your system:
18 error     webpack --config webpack.client.js --watch
18 error You can get information on how to open an issue for this project with:
18 error     npm bugs react-ssr
18 error Or if that isn't available, you can get their info via:
18 error
18 error     npm owner ls react-ssr
18 error There is likely additional logging output above.
19 verbose exit [ 1, true ]
